<?xml version="1.0" encoding="UTF-8"?>
<testng-results ignored="0" total="1" passed="1" failed="0" skipped="0">
  <reporter-output>
  </reporter-output>
  <suite started-at="2024-12-22T09:46:30 IST" name="Default suite" finished-at="2024-12-22T09:46:51 IST" duration-ms="20523">
    <groups>
    </groups>
    <test started-at="2024-12-22T09:46:30 IST" name="Default test" finished-at="2024-12-22T09:46:51 IST" duration-ms="20523">
      <class name="com.project.SeleniumTest">
        <test-method is-config="true" signature="before()[pri:0, instance:com.project.SeleniumTest@2b71e916]" started-at="2024-12-22T09:46:30 IST" name="before" finished-at="2024-12-22T09:46:33 IST" duration-ms="2356" status="PASS">
          <reporter-output>
          </reporter-output>
        </test-method> <!-- before -->
        <test-method signature="test()[pri:0, instance:com.project.SeleniumTest@2b71e916]" started-at="2024-12-22T09:46:33 IST" name="test" finished-at="2024-12-22T09:46:51 IST" duration-ms="17896" status="PASS">
          <reporter-output>
          </reporter-output>
        </test-method> <!-- test -->
        <test-method is-config="true" signature="after()[pri:0, instance:com.project.SeleniumTest@2b71e916]" started-at="2024-12-22T09:46:51 IST" name="after" finished-at="2024-12-22T09:46:51 IST" duration-ms="222" status="PASS">
          <reporter-output>
          </reporter-output>
        </test-method> <!-- after -->
      </class> <!-- com.project.SeleniumTest -->
    </test> <!-- Default test -->
  </suite> <!-- Default suite -->
</testng-results>
